GC Heap History (20 events):
Event: 2694.207 GC heap before
{Heap before GC invocations=139 (full 0):
 garbage-first heap   total 687104K, used 475136K [0x0000000080000000, 0x0000000100000000)
  region size 1024K, 116 young (118784K), 14 survivors (14336K)
 Metaspace       used 127296K, capacity 133515K, committed 133928K, reserved 632832K
  class space    used 16164K, capacity 18372K, committed 18560K, reserved 516096K
}
Event: 2694.331 GC heap after
{Heap after GC invocations=140 (full 0):
 garbage-first heap   total 687104K, used 391168K [0x0000000080000000, 0x0000000100000000)
  region size 1024K, 15 young (15360K), 15 survivors (15360K)
 Metaspace       used 127296K, capacity 133515K, committed 133928K, reserved 632832K
  class space    used 16164K, capacity 18372K, committed 18560K, reserved 516096K
}
Event: 2698.028 GC heap before
{Heap before GC invocations=140 (full 0):
 garbage-first heap   total 687104K, used 498688K [0x0000000080000000, 0x0000000100000000)
  region size 1024K, 121 young (123904K), 15 survivors (15360K)
 Metaspace       used 127396K, capacity 133624K, committed 133928K, reserved 632832K
  class space    used 16171K, capacity 18385K, committed 18560K, reserved 516096K
}
Event: 2698.092 GC heap after
{Heap after GC invocations=141 (full 0):
 garbage-first heap   total 687104K, used 398336K [0x0000000080000000, 0x0000000100000000)
  region size 1024K, 7 young (7168K), 7 survivors (7168K)
 Metaspace       used 127396K, capacity 133624K, committed 133928K, reserved 632832K
  class space    used 16171K, capacity 18385K, committed 18560K, reserved 516096K
}
Event: 4359.204 GC heap before
{Heap before GC invocations=141 (full 0):
 garbage-first heap   total 687104K, used 521216K [0x0000000080000000, 0x0000000100000000)
  region size 1024K, 128 young (131072K), 7 survivors (7168K)
 Metaspace       used 127477K, capacity 133657K, committed 133928K, reserved 632832K
  class space    used 16174K, capacity 18391K, committed 18560K, reserved 516096K
}
Event: 4359.420 GC heap after
{Heap after GC invocations=142 (full 0):
 garbage-first heap   total 687104K, used 400384K [0x0000000080000000, 0x0000000100000000)
  region size 1024K, 9 young (9216K), 9 survivors (9216K)
 Metaspace       used 127477K, capacity 133657K, committed 133928K, reserved 632832K
  class space    used 16174K, capacity 18391K, committed 18560K, reserved 516096K
}
Event: 4383.751 GC heap before
{Heap before GC invocations=142 (full 0):
 garbage-first heap   total 687104K, used 474112K [0x0000000080000000, 0x0000000100000000)
  region size 1024K, 81 young (82944K), 9 survivors (9216K)
 Metaspace       used 127629K, capacity 133774K, committed 134184K, reserved 632832K
  class space    used 16180K, capacity 18403K, committed 18560K, reserved 516096K
}
Event: 4383.854 GC heap after
{Heap after GC invocations=143 (full 0):
 garbage-first heap   total 687104K, used 412247K [0x0000000080000000, 0x0000000100000000)
  region size 1024K, 11 young (11264K), 11 survivors (11264K)
 Metaspace       used 127629K, capacity 133774K, committed 134184K, reserved 632832K
  class space    used 16180K, capacity 18403K, committed 18560K, reserved 516096K
}
Event: 4386.665 GC heap before
{Heap before GC invocations=143 (full 0):
 garbage-first heap   total 687104K, used 501335K [0x0000000080000000, 0x0000000100000000)
  region size 1024K, 99 young (101376K), 11 survivors (11264K)
 Metaspace       used 127838K, capacity 133956K, committed 134184K, reserved 632832K
  class space    used 16193K, capacity 18425K, committed 18560K, reserved 516096K
}
Event: 4386.733 GC heap after
{Heap after GC invocations=144 (full 0):
 garbage-first heap   total 687104K, used 432940K [0x0000000080000000, 0x0000000100000000)
  region size 1024K, 13 young (13312K), 13 survivors (13312K)
 Metaspace       used 127838K, capacity 133956K, committed 134184K, reserved 632832K
  class space    used 16193K, capacity 18425K, committed 18560K, reserved 516096K
}
Event: 4388.248 GC heap before
{Heap before GC invocations=144 (full 0):
 garbage-first heap   total 687104K, used 530220K [0x0000000080000000, 0x0000000100000000)
  region size 1024K, 108 young (110592K), 13 survivors (13312K)
 Metaspace       used 127924K, capacity 134099K, committed 134440K, reserved 632832K
  class space    used 16194K, capacity 18427K, committed 18560K, reserved 516096K
}
Event: 4388.325 GC heap after
{Heap after GC invocations=145 (full 0):
 garbage-first heap   total 687104K, used 457728K [0x0000000080000000, 0x0000000100000000)
  region size 1024K, 14 young (14336K), 14 survivors (14336K)
 Metaspace       used 127924K, capacity 134099K, committed 134440K, reserved 632832K
  class space    used 16194K, capacity 18427K, committed 18560K, reserved 516096K
}
Event: 4389.262 GC heap before
{Heap before GC invocations=145 (full 0):
 garbage-first heap   total 687104K, used 555008K [0x0000000080000000, 0x0000000100000000)
  region size 1024K, 109 young (111616K), 14 survivors (14336K)
 Metaspace       used 127996K, capacity 134170K, committed 134440K, reserved 632832K
  class space    used 16194K, capacity 18428K, committed 18560K, reserved 516096K
}
Event: 4389.342 GC heap after
{Heap after GC invocations=146 (full 0):
 garbage-first heap   total 687104K, used 478208K [0x0000000080000000, 0x0000000100000000)
  region size 1024K, 14 young (14336K), 14 survivors (14336K)
 Metaspace       used 127996K, capacity 134170K, committed 134440K, reserved 632832K
  class space    used 16194K, capacity 18428K, committed 18560K, reserved 516096K
}
Event: 4396.530 GC heap before
{Heap before GC invocations=146 (full 0):
 garbage-first heap   total 687104K, used 566272K [0x0000000080000000, 0x0000000100000000)
  region size 1024K, 101 young (103424K), 14 survivors (14336K)
 Metaspace       used 128097K, capacity 134292K, committed 134440K, reserved 632832K
  class space    used 16201K, capacity 18440K, committed 18560K, reserved 516096K
}
Event: 4396.631 GC heap after
{Heap after GC invocations=147 (full 0):
 garbage-first heap   total 687104K, used 485376K [0x0000000080000000, 0x0000000100000000)
  region size 1024K, 7 young (7168K), 7 survivors (7168K)
 Metaspace       used 128097K, capacity 134292K, committed 134440K, reserved 632832K
  class space    used 16201K, capacity 18440K, committed 18560K, reserved 516096K
}
Event: 4845.386 GC heap before
{Heap before GC invocations=147 (full 0):
 garbage-first heap   total 687104K, used 572416K [0x0000000080000000, 0x0000000100000000)
  region size 1024K, 93 young (95232K), 7 survivors (7168K)
 Metaspace       used 128214K, capacity 134389K, committed 134696K, reserved 632832K
  class space    used 16216K, capacity 18467K, committed 18560K, reserved 516096K
}
Event: 4845.521 GC heap after
{Heap after GC invocations=148 (full 0):
 garbage-first heap   total 687104K, used 485888K [0x0000000080000000, 0x0000000100000000)
  region size 1024K, 7 young (7168K), 7 survivors (7168K)
 Metaspace       used 128214K, capacity 134389K, committed 134696K, reserved 632832K
  class space    used 16216K, capacity 18467K, committed 18560K, reserved 516096K
}
Event: 8095.522 GC heap before
{Heap before GC invocations=148 (full 0):
 garbage-first heap   total 687104K, used 561664K [0x0000000080000000, 0x0000000100000000)
  region size 1024K, 82 young (83968K), 7 survivors (7168K)
 Metaspace       used 128245K, capacity 134453K, committed 134696K, reserved 632832K
  class space    used 16219K, capacity 18467K, committed 18560K, reserved 516096K
}
Event: 8095.968 GC heap after
{Heap after GC invocations=149 (full 0):
 garbage-first heap   total 687104K, used 486787K [0x0000000080000000, 0x0000000100000000)
  region size 1024K, 3 young (3072K), 3 survivors (3072K)
 Metaspace       used 128245K, capacity 134453K, committed 134696K, reserved 632832K
  class space    used 16219K, capacity 18467K, committed 18560K, reserved 516096K
}

